0 info it worked if it ends with ok
1 verbose cli [ 'D:\\Program Files\\nodejs\\node.exe',
1 verbose cli   'D:\\Program Files\\nodejs\\node_modules\\npm\\bin\\npm-cli.js',
1 verbose cli   'run',
1 verbose cli   'build' ]
2 info using npm@4.0.2
3 info using node@v7.2.0
4 verbose run-script [ 'prebuild', 'build', 'postbuild' ]
5 info lifecycle react-dianping-webpack@1.0.0~prebuild: react-dianping-webpack@1.0.0
6 silly lifecycle react-dianping-webpack@1.0.0~prebuild: no script for prebuild, continuing
7 info lifecycle react-dianping-webpack@1.0.0~build: react-dianping-webpack@1.0.0
8 verbose lifecycle react-dianping-webpack@1.0.0~build: unsafe-perm in lifecycle true
9 verbose lifecycle react-dianping-webpack@1.0.0~build: PATH: D:\Program Files\nodejs\node_modules\npm\bin\node-gyp-bin;F:\react_dianping\node_modules\.bin;C:\Users\Administrator\bin;D:\Program Files\Git\mingw64\bin;D:\Program Files\Git\usr\local\bin;D:\Program Files\Git\usr\bin;D:\Program Files\Git\usr\bin;D:\Program Files\Git\mingw64\bin;D:\Program Files\Git\usr\bin;C:\ProgramData\Oracle\Java\javapath;C:\Program Files (x86)\AMD APP\bin\x86_64;C:\Program Files (x86)\AMD APP\bin\x86;C:\Program Files (x86)\Intel\iCLS Client;C:\Program Files\Intel\iCLS Client;C:\Windows\system32;C:\Windows;C:\Windows\System32\Wbem;C:\Windows\System32\WindowsPowerShell\v1.0;C:\Program Files (x86)\ATI Technologies\ATI.ACE\Core-Static;C:\Program Files\Intel\Intel(R) Management Engine Components\DAL;C:\Program Files\Intel\Intel(R) Management Engine Components\IPT;C:\Program Files (x86)\Intel\Intel(R) Management Engine Components\DAL;C:\Program Files (x86)\Intel\Intel(R) Management Engine Components\IPT;D:\Program Files\TortoiseGit\bin;C:\Program Files\TortoiseSVN\bin;D:\erl5.10.1\bin;D:\Program Files\nodejs;D:\Program Files\nodejs;D:\Program Files\Java\jdk1.8.0_111;F:\bin;D:\Program Files\nodejs\node.exe;D:\Program Files\TortoiseGit\bin;C:\Users\Administrator\AppData\Roaming\npm;D:\Program Files\Java\jdk1.8.0_111;F:\bin;D:\Program Files\Git\usr\bin\vendor_perl;D:\Program Files\Git\usr\bin\core_perl
10 verbose lifecycle react-dianping-webpack@1.0.0~build: CWD: F:\react_dianping
11 silly lifecycle react-dianping-webpack@1.0.0~build: Args: [ '/d /s /c',
11 silly lifecycle   'rm -rf ./build && NODE_ENV=production && webpack --config ./webpack.production.config.js --progress --colors' ]
12 silly lifecycle react-dianping-webpack@1.0.0~build: Returned: code: 1  signal: null
13 info lifecycle react-dianping-webpack@1.0.0~build: Failed to exec build script
14 verbose stack Error: react-dianping-webpack@1.0.0 build: `rm -rf ./build && NODE_ENV=production && webpack --config ./webpack.production.config.js --progress --colors`
14 verbose stack Exit status 1
14 verbose stack     at EventEmitter.<anonymous> (D:\Program Files\nodejs\node_modules\npm\lib\utils\lifecycle.js:279:16)
14 verbose stack     at emitTwo (events.js:106:13)
14 verbose stack     at EventEmitter.emit (events.js:191:7)
14 verbose stack     at ChildProcess.<anonymous> (D:\Program Files\nodejs\node_modules\npm\lib\utils\spawn.js:40:14)
14 verbose stack     at emitTwo (events.js:106:13)
14 verbose stack     at ChildProcess.emit (events.js:191:7)
14 verbose stack     at maybeClose (internal/child_process.js:885:16)
14 verbose stack     at Process.ChildProcess._handle.onexit (internal/child_process.js:226:5)
15 verbose pkgid react-dianping-webpack@1.0.0
16 verbose cwd F:\react_dianping
17 error Windows_NT 6.1.7600
18 error argv "D:\\Program Files\\nodejs\\node.exe" "D:\\Program Files\\nodejs\\node_modules\\npm\\bin\\npm-cli.js" "run" "build"
19 error node v7.2.0
20 error npm  v4.0.2
21 error code ELIFECYCLE
22 error react-dianping-webpack@1.0.0 build: `rm -rf ./build && NODE_ENV=production && webpack --config ./webpack.production.config.js --progress --colors`
22 error Exit status 1
23 error Failed at the react-dianping-webpack@1.0.0 build script 'rm -rf ./build && NODE_ENV=production && webpack --config ./webpack.production.config.js --progress --colors'.
23 error Make sure you have the latest version of node.js and npm installed.
23 error If you do, this is most likely a problem with the react-dianping-webpack package,
23 error not with npm itself.
23 error Tell the author that this fails on your system:
23 error     rm -rf ./build && NODE_ENV=production && webpack --config ./webpack.production.config.js --progress --colors
23 error You can get information on how to open an issue for this project with:
23 error     npm bugs react-dianping-webpack
23 error Or if that isn't available, you can get their info via:
23 error     npm owner ls react-dianping-webpack
23 error There is likely additional logging output above.
24 verbose exit [ 1, true ]
